2017-04-27 20:09:59,338 -[Client.client.executeCmd] [INFO] -REVEIVED: 87 
2017-04-27 20:11:46,879 -[Client.client.executeCmd] [INFO] -SENT: 78 
2017-04-27 20:11:46,893 -[Client.client.executeCmd] [INFO] -REVEIVED: 88 
2017-04-27 20:13:50,896 -[Client.client.executeCmd] [INFO] -SENT: 78 
2017-04-27 20:13:50,912 -[Client.client.executeCmd] [INFO] -REVEIVED: 88 
2017-04-27 20:23:25,661 -[Client.client.executeCmd] [INFO] -SENT: 78 
2017-04-27 20:23:25,672 -[Client.client.executeCmd] [INFO] -REVEIVED: 88 
2017-04-27 20:23:44,632 -[Client.client.executeCmd] [INFO] -SENT: 78 
2017-04-27 20:23:44,715 -[Client.client.executeCmd] [INFO] -REVEIVED: 88 
2017-04-27 20:23:44,716 -[Client.client.executeCmd] [INFO] -REVEIVED: 88 
2017-04-27 20:23:44,717 -[Client.client.executeCmd] [INFO] -REVEIVED: 88 
2017-04-27 20:34:52,093 -[Client.client.executeCmd] [INFO] -SENT: 78 
2017-04-27 20:34:52,101 -[Client.client.executeCmd] [INFO] -REVEIVED: 88 
2017-04-27 20:37:41,072 -[Client.client.Share] [INFO] -SENT: 111 
2017-04-27 20:44:14,274 -[Client.client.Share] [INFO] -SENT: 111 
2017-04-27 20:45:05,969 -[Client.client.Share] [INFO] -SENT: 111 
2017-04-27 20:46:03,410 -[Client.client.Share] [INFO] -SENT: 111 
2017-04-27 20:49:05,882 -[Client.client.Share] [INFO] -SENT: 111 
2017-04-27 20:50:20,436 -[Client.client.Share] [INFO] -SENT: 111 
2017-04-27 20:50:43,762 -[Client.client.Share] [INFO] -SENT: 111 
2017-04-27 20:52:55,505 -[Client.client.Share] [INFO] -SENT: 111 
2017-04-27 20:53:16,154 -[Client.client.Share] [INFO] -SENT: 111 
2017-04-27 20:54:22,029 -[Client.client.Share] [INFO] -SENT: 111 
2017-04-27 20:57:26,447 -[Client.client.Share] [INFO] -SENT: 112 
2017-04-27 20:59:51,175 -[Client.client.Share] [INFO] -SENT: 112 
2017-04-27 21:01:08,347 -[Client.client.Share] [INFO] -SENT: 112 
2017-04-27 21:03:09,033 -[Client.client.Share] [INFO] -SENT: 114 
2017-04-27 21:03:38,946 -[Client.client.Share] [INFO] -SENT: 114 
2017-04-27 21:06:22,804 -[Client.client.Share] [INFO] -SENT: 111 
2017-04-27 21:09:55,820 -[Client.client.Share] [INFO] -SENT: 111 
2017-04-27 21:11:44,151 -[Client.client.Share] [INFO] -SENT: 111 
2017-04-27 21:13:03,987 -[Client.client.Share] [INFO] -SENT: 111 
2017-04-27 21:14:11,759 -[Client.client.executeCmd] [INFO] -SENT: 78 
2017-04-27 21:14:11,766 -[Client.client.executeCmd] [INFO] -REVEIVED: 88 
2017-04-27 21:14:11,770 -[Client.client.executeCmd] [INFO] -REVEIVED: 88 
2017-04-27 21:15:33,799 -[Client.client.Fetch] [INFO] -REVEIVED: 189 
2017-04-27 21:15:33,805 -[Client.client.Fetch] [INFO] -REVEIVED: 189 
2017-04-27 21:19:04,615 -[Client.client.Fetch] [INFO] -REVEIVED: 189 
2017-04-27 21:19:04,623 -[Client.client.Fetch] [INFO] -REVEIVED: 189 
2017-04-27 21:54:09,985 -[Client.client.Fetch] [INFO] -REVEIVED: 189 
2017-04-27 21:54:10,015 -[Client.client.Fetch] [INFO] -REVEIVED: 189 
2017-04-27 21:55:13,168 -[Client.client.Fetch] [INFO] -REVEIVED: 189 
2017-04-27 21:55:19,073 -[Client.client.Fetch] [INFO] -REVEIVED: 189 
2017-04-27 21:58:16,755 -[Client.client.Fetch] [INFO] -REVEIVED: 189 
2017-04-27 22:00:01,727 -[Client.client.Fetch] [INFO] -REVEIVED: 189 
2017-04-27 22:02:55,827 -[Client.client.Fetch] [INFO] -REVEIVED: 189 
2017-04-27 22:05:27,535 -[Client.client.Fetch] [INFO] -REVEIVED: 189 
2017-04-27 22:05:42,011 -[Client.client.Fetch] [INFO] -REVEIVED: 189 
2017-04-27 22:07:02,761 -[Client.client.Fetch] [INFO] -REVEIVED: 189 
2017-04-27 22:09:22,841 -[Client.client.Fetch] [INFO] -SENT: 180 
2017-04-27 22:09:22,856 -[Client.client.Fetch] [INFO] -REVEIVED: 191 
2017-04-27 22:12:54,933 -[Client.client.Fetch] [INFO] -SENT: 178 
2017-04-27 22:12:54,953 -[Client.client.Fetch] [INFO] -REVEIVED: 189 
2017-04-27 22:14:25,353 -[Client.client.Fetch] [INFO] -SENT: 178 
2017-04-27 22:14:25,383 -[Client.client.Fetch] [INFO] -REVEIVED: 189 
2017-04-27 22:15:26,023 -[Client.client.Fetch] [INFO] -SENT: 178 
2017-04-27 22:15:26,051 -[Client.client.Fetch] [INFO] -REVEIVED: 189 
2017-04-27 22:15:26,055 -[Client.client.Fetch] [INFO] -REVEIVED: 189 
2017-04-27 22:15:49,842 -[Client.client.Fetch] [INFO] -SENT: 178 
2017-04-27 22:15:49,917 -[Client.client.Fetch] [INFO] -REVEIVED: 189 
2017-04-27 22:15:54,276 -[Client.client.Fetch] [INFO] -REVEIVED: 189 
2017-04-27 22:16:51,013 -[Client.client.Fetch] [INFO] -SENT: 178 
2017-04-27 22:16:51,040 -[Client.client.Fetch] [INFO] -REVEIVED: 189 
2017-04-27 22:17:29,696 -[Client.client.Fetch] [INFO] -SENT: 178 
2017-04-27 22:17:29,737 -[Client.client.Fetch] [INFO] -REVEIVED: 189 
2017-04-27 22:17:31,963 -[Client.client.Fetch] [INFO] -REVEIVED: 189 
2017-04-27 22:18:55,755 -[Client.client.Fetch] [INFO] -SENT: 178 
2017-04-27 22:18:55,773 -[Client.client.Fetch] [INFO] -REVEIVED: 189 
2017-04-27 22:19:54,107 -[Client.client.Fetch] [INFO] -SENT: 178 
2017-04-27 22:19:54,131 -[Client.client.Fetch] [INFO] -REVEIVED: 189 
2017-04-27 22:19:59,033 -[Client.client.Fetch] [INFO] -REVEIVED: 189 
2017-04-27 22:21:25,151 -[Client.client.Fetch] [INFO] -SENT: ? 
2017-04-27 22:21:25,157 -[Client.client.Fetch] [INFO] -REVEIVED: ? 
2017-04-27 22:21:29,206 -[Client.client.Fetch] [INFO] -REVEIVED: ? 
2017-04-27 22:21:47,485 -[Client.client.Fetch] [INFO] -REVEIVED: ? 
2017-04-27 22:23:53,803 -[Client.client.Fetch] [INFO] -SENT: 178 
2017-04-27 22:23:53,828 -[Client.client.Fetch] [INFO] -REVEIVED: 189 
2017-04-27 22:23:53,829 -[Client.client.Fetch] [INFO] -REVEIVED: 189 
2017-04-27 22:23:53,845 -[Client.client.Fetch] [INFO] -REVEIVED: 189 
2017-04-27 22:25:50,807 -[Client.client.Fetch] [INFO] -SENT: 178 
2017-04-27 22:25:50,891 -[Client.client.Fetch] [INFO] -REVEIVED: 189 
2017-04-27 22:25:50,893 -[Client.client.Fetch] [INFO] -REVEIVED: 189 
2017-04-27 22:26:15,993 -[Client.client.Fetch] [INFO] -SENT: 178 
2017-04-27 22:26:16,021 -[Client.client.Fetch] [INFO] -REVEIVED: 189 
2017-04-27 22:26:16,022 -[Client.client.Fetch] [INFO] -REVEIVED: 189 
2017-04-27 22:26:16,038 -[Client.client.Fetch] [INFO] -REVEIVED: 189 
2017-04-28 11:18:01,378 -[Server.server.main] [INFO] -Starting the EZShare Server
 50 
2017-04-28 11:18:01,384 -[Server.server.main] [INFO] -Using secret: aswecan 51 
2017-04-28 11:18:11,353 -[Server.server.main] [INFO] -Starting the EZShare Server
 50 
2017-04-28 11:18:11,357 -[Server.server.main] [INFO] -Using secret: aswecan 51 
2017-04-28 11:25:04,928 -[Client.client.executeCmd] [INFO] -SENT: 77 
2017-04-28 11:25:05,008 -[Client.client.executeCmd] [INFO] -REVEIVED: 87 
2017-04-28 11:25:26,733 -[Server.server.main] [INFO] -Starting the EZShare Server
 50 
2017-04-28 11:25:26,741 -[Server.server.main] [INFO] -Using secret: aswecan 51 
2017-04-28 11:25:31,383 -[Client.client.executeCmd] [INFO] -SENT: 77 
2017-04-28 11:25:31,475 -[Client.client.executeCmd] [INFO] -REVEIVED: 87 
2017-04-28 11:26:41,356 -[Client.client.executeCmd] [INFO] -SENT: 77 
2017-04-28 11:26:41,398 -[Client.client.executeCmd] [INFO] -REVEIVED: 87 
2017-04-28 11:26:41,399 -[Client.client.executeCmd] [INFO] -REVEIVED: 87 
2017-04-28 11:28:23,616 -[Server.server.main] [INFO] -Starting the EZShare Server
 50 
2017-04-28 11:28:23,620 -[Server.server.main] [INFO] -Using secret: aswecan 51 
2017-04-28 11:28:26,670 -[Client.client.executeCmd] [INFO] -SENT: 77 
2017-04-28 11:28:26,761 -[Client.client.executeCmd] [INFO] -REVEIVED: 87 
2017-04-28 11:28:26,762 -[Client.client.executeCmd] [INFO] -REVEIVED: 87 
2017-04-28 11:29:30,519 -[Client.client.Share] [INFO] -SENT: 110 
2017-04-28 11:30:59,190 -[Client.client.Share] [INFO] -SENT: 110 
2017-04-28 11:32:38,604 -[Server.server.main] [INFO] -Starting the EZShare Server
 50 
2017-04-28 11:32:38,609 -[Server.server.main] [INFO] -Using secret: aswecan 51 
2017-04-28 11:32:40,864 -[Client.client.Share] [INFO] -SENT: 110 
2017-04-28 11:35:15,175 -[Server.server.main] [INFO] -Starting the EZShare Server
 50 
2017-04-28 11:35:15,180 -[Server.server.main] [INFO] -Using secret: aswecan 51 
2017-04-28 11:35:18,302 -[Client.client.Share] [INFO] -SENT: 110 
2017-04-28 11:36:04,713 -[Server.server.main] [INFO] -Starting the EZShare Server
 50 
2017-04-28 11:36:04,717 -[Server.server.main] [INFO] -Using secret: aswecan 51 
2017-04-28 11:36:07,294 -[Client.client.Share] [INFO] -SENT: 110 
2017-04-28 11:37:08,192 -[Server.server.main] [INFO] -Starting the EZShare Server
 50 
2017-04-28 11:37:08,197 -[Server.server.main] [INFO] -Using secret: aswecan 51 
2017-04-28 11:37:11,698 -[Client.client.Share] [INFO] -SENT: 110 
2017-04-28 11:41:03,286 -[Server.server.main] [INFO] -Starting the EZShare Server
 50 
2017-04-28 11:41:03,290 -[Server.server.main] [INFO] -Using secret: aswecan 51 
2017-04-28 11:41:05,181 -[Client.client.Share] [INFO] -SENT: 110 
2017-04-28 11:41:05,257 -[Server.server.serverClient] [INFO] -RECEIVED:  84 
2017-04-28 11:46:52,087 -[Client.client.Share] [INFO] -SENT: 110 
2017-04-28 11:47:47,438 -[Server.server.main] [INFO] -Starting the EZShare Server
 50 
2017-04-28 11:47:47,443 -[Server.server.main] [INFO] -Using secret: aswecan
 51 
2017-04-28 11:47:50,210 -[Client.client.Share] [INFO] -SENT: 110 
2017-04-28 11:47:50,298 -[Server.server.serverClient] [INFO] -RECEIVED:  84 
2017-04-28 11:48:11,740 -[Client.client.Share] [INFO] -SENT: 110 
2017-04-28 11:48:11,750 -[Server.server.serverClient] [INFO] -RECEIVED:  84 
2017-04-28 11:49:02,995 -[Server.server.main] [INFO] -Starting the EZShare Server
 50 
2017-04-28 11:49:02,998 -[Server.server.main] [INFO] -Using secret: aswecan
 51 
2017-04-28 11:49:07,579 -[Client.client.Share] [INFO] -SENT: 110 
2017-04-28 11:49:07,660 -[Server.server.serverClient] [INFO] -RECEIVED: haha   84 
2017-04-28 11:50:07,544 -[Server.server.main] [INFO] -Starting the EZShare Server
 50 
2017-04-28 11:50:07,548 -[Server.server.main] [INFO] -Using secret: aswecan
 51 
2017-04-28 11:50:10,387 -[Client.client.Share] [INFO] -SENT: 110 
2017-04-28 11:50:10,470 -[Server.server.serverClient] [INFO] -RECEIVED 84 
2017-04-28 11:51:19,587 -[Server.server.main] [INFO] -Starting the EZShare Server
 50 
2017-04-28 11:51:19,592 -[Server.server.main] [INFO] -Using secret: aswecan
 51 
2017-04-28 11:51:21,857 -[Client.client.Share] [INFO] -SENT: 110 
2017-04-28 11:51:21,938 -[Server.server.serverClient] [INFO] -RECEIVED: 84 
2017-04-28 11:51:59,193 -[Server.server.main] [INFO] -Starting the EZShare Server
 50 
2017-04-28 11:51:59,196 -[Server.server.main] [INFO] -Using secret: aswecan
 51 
2017-04-28 11:52:01,448 -[Client.client.Share] [INFO] -SENT: 110 
2017-04-28 11:52:01,538 -[Server.server.serverClient] [INFO] -RECEIVED: 84 
2017-04-28 11:54:09,169 -[Server.server.main] [INFO] -Starting the EZShare Server
 50 
2017-04-28 11:54:09,174 -[Server.server.main] [INFO] -Using secret: aswecan
 51 
2017-04-28 11:54:11,265 -[Client.client.Share] [INFO] -SENT: 110 
2017-04-28 11:54:11,355 -[Server.server.serverClient] [INFO] -RECEIVED: 84 
2017-04-28 11:57:39,167 -[Client.client.Fetch] [INFO] -SENT: 165 
2017-04-28 11:57:39,177 -[Server.server.serverClient] [INFO] -RECEIVED: 84 
2017-04-28 11:57:39,189 -[Client.client.Fetch] [INFO] -REVEIVED: 176 
2017-04-28 11:57:39,191 -[Client.client.Fetch] [INFO] -REVEIVED: 176 
2017-04-28 11:57:39,198 -[Client.client.Fetch] [INFO] -REVEIVED: 176 
2017-04-28 16:41:13,453 -[Client.Client.execute] [INFO] -SENT: 36 
2017-04-28 16:41:13,460 -[Client.Client.execute] [INFO] -REVEIVED: 46 
2017-04-28 16:41:13,460 -[Client.Client.execute] [INFO] -REVEIVED: 46 
2017-04-28 16:41:13,461 -[Client.Client.execute] [INFO] -REVEIVED: 46 
2017-04-28 16:41:13,461 -[Client.Client.execute] [INFO] -REVEIVED: 46 
2017-04-28 16:41:13,461 -[Client.Client.execute] [INFO] -REVEIVED: 46 
2017-04-28 16:41:13,463 -[Client.Client.execute] [INFO] -REVEIVED: 46 
2017-04-28 16:41:13,463 -[Client.Client.execute] [INFO] -REVEIVED: 46 
2017-04-28 16:41:13,463 -[Client.Client.execute] [INFO] -REVEIVED: 46 
2017-04-28 16:41:13,464 -[Client.Client.execute] [INFO] -REVEIVED: 46 
2017-04-28 16:41:13,464 -[Client.Client.execute] [INFO] -REVEIVED: 46 
2017-04-28 16:41:13,464 -[Client.Client.execute] [INFO] -REVEIVED: 46 
2017-04-28 16:41:13,464 -[Client.Client.execute] [INFO] -REVEIVED: 46 
2017-04-28 16:41:13,464 -[Client.Client.execute] [INFO] -REVEIVED: 46 
2017-04-28 16:41:13,464 -[Client.Client.execute] [INFO] -REVEIVED: 46 
2017-04-28 16:41:13,465 -[Client.Client.execute] [INFO] -REVEIVED: 46 
2017-04-28 16:41:13,466 -[Client.Client.execute] [INFO] -REVEIVED: 46 
2017-04-28 16:41:13,466 -[Client.Client.execute] [INFO] -REVEIVED: 46 
2017-04-28 16:41:13,467 -[Client.Client.execute] [INFO] -REVEIVED: 46 
2017-04-28 16:43:39,467 -[Client.Client.execute] [INFO] -SENT: 35 
2017-04-28 16:43:39,476 -[Client.Client.execute] [INFO] -REVEIVED: 45 
2017-04-28 16:44:07,545 -[Client.Client.execute] [INFO] -SENT: 36 
2017-04-28 16:44:07,555 -[Client.Client.execute] [INFO] -REVEIVED: 46 
2017-04-28 16:44:07,556 -[Client.Client.execute] [INFO] -REVEIVED: 46 
2017-04-28 16:44:07,556 -[Client.Client.execute] [INFO] -REVEIVED: 46 
2017-04-28 16:44:07,556 -[Client.Client.execute] [INFO] -REVEIVED: 46 
2017-04-28 16:44:07,556 -[Client.Client.execute] [INFO] -REVEIVED: 46 
2017-04-28 16:44:07,559 -[Client.Client.execute] [INFO] -REVEIVED: 46 
2017-04-28 16:44:07,559 -[Client.Client.execute] [INFO] -REVEIVED: 46 
2017-04-28 16:44:07,559 -[Client.Client.execute] [INFO] -REVEIVED: 46 
2017-04-28 16:44:07,559 -[Client.Client.execute] [INFO] -REVEIVED: 46 
2017-04-28 16:44:07,559 -[Client.Client.execute] [INFO] -REVEIVED: 46 
2017-04-28 16:44:07,560 -[Client.Client.execute] [INFO] -REVEIVED: 46 
2017-04-28 16:44:07,560 -[Client.Client.execute] [INFO] -REVEIVED: 46 
2017-04-28 16:44:07,560 -[Client.Client.execute] [INFO] -REVEIVED: 46 
2017-04-28 16:44:07,560 -[Client.Client.execute] [INFO] -REVEIVED: 46 
2017-04-28 16:44:07,560 -[Client.Client.execute] [INFO] -REVEIVED: 46 
2017-04-28 16:44:07,562 -[Client.Client.execute] [INFO] -REVEIVED: 46 
2017-04-28 16:44:07,563 -[Client.Client.execute] [INFO] -REVEIVED: 46 
2017-04-28 16:44:07,563 -[Client.Client.execute] [INFO] -REVEIVED: 46 
2017-04-28 16:44:41,906 -[Client.Client.execute] [INFO] -SENT: 34 
2017-04-28 16:44:41,918 -[Client.Client.execute] [INFO] -REVEIVED: 44 
2017-04-28 16:44:56,034 -[Client.Client.execute] [INFO] -SENT: 36 
2017-04-28 16:44:56,043 -[Client.Client.execute] [INFO] -REVEIVED: 46 
2017-04-28 16:44:56,044 -[Client.Client.execute] [INFO] -REVEIVED: 46 
2017-04-28 16:44:56,045 -[Client.Client.execute] [INFO] -REVEIVED: 46 
2017-04-28 16:44:56,045 -[Client.Client.execute] [INFO] -REVEIVED: 46 
2017-04-28 16:44:56,045 -[Client.Client.execute] [INFO] -REVEIVED: 46 
2017-04-28 16:44:56,048 -[Client.Client.execute] [INFO] -REVEIVED: 46 
2017-04-28 16:44:56,050 -[Client.Client.execute] [INFO] -REVEIVED: 46 
2017-04-28 16:44:56,050 -[Client.Client.execute] [INFO] -REVEIVED: 46 
2017-04-28 16:44:56,050 -[Client.Client.execute] [INFO] -REVEIVED: 46 
2017-04-28 16:44:56,051 -[Client.Client.execute] [INFO] -REVEIVED: 46 
2017-04-28 16:44:56,051 -[Client.Client.execute] [INFO] -REVEIVED: 46 
2017-04-28 16:44:56,052 -[Client.Client.execute] [INFO] -REVEIVED: 46 
2017-04-28 16:44:56,052 -[Client.Client.execute] [INFO] -REVEIVED: 46 
2017-04-28 16:44:56,053 -[Client.Client.execute] [INFO] -REVEIVED: 46 
2017-04-28 16:44:56,058 -[Client.Client.execute] [INFO] -REVEIVED: 46 
2017-04-28 16:44:56,060 -[Client.Client.execute] [INFO] -REVEIVED: 46 
2017-04-28 16:44:56,061 -[Client.Client.execute] [INFO] -REVEIVED: 46 
2017-04-28 16:45:40,698 -[Client.Client.execute] [INFO] -SENT: 34 
2017-04-28 16:45:40,707 -[Client.Client.execute] [INFO] -REVEIVED: 44 
2017-04-28 16:45:55,859 -[Client.Client.execute] [INFO] -SENT: 36 
2017-04-28 16:45:55,879 -[Client.Client.execute] [INFO] -REVEIVED: 46 
2017-04-28 16:45:55,880 -[Client.Client.execute] [INFO] -REVEIVED: 46 
2017-04-28 16:45:55,881 -[Client.Client.execute] [INFO] -REVEIVED: 46 
2017-04-28 16:45:55,881 -[Client.Client.execute] [INFO] -REVEIVED: 46 
2017-04-28 16:45:55,882 -[Client.Client.execute] [INFO] -REVEIVED: 46 
2017-04-28 16:45:55,884 -[Client.Client.execute] [INFO] -REVEIVED: 46 
2017-04-28 16:45:55,885 -[Client.Client.execute] [INFO] -REVEIVED: 46 
2017-04-28 16:45:55,885 -[Client.Client.execute] [INFO] -REVEIVED: 46 
2017-04-28 16:45:55,885 -[Client.Client.execute] [INFO] -REVEIVED: 46 
2017-04-28 16:45:55,885 -[Client.Client.execute] [INFO] -REVEIVED: 46 
2017-04-28 16:45:55,886 -[Client.Client.execute] [INFO] -REVEIVED: 46 
2017-04-28 16:45:55,886 -[Client.Client.execute] [INFO] -REVEIVED: 46 
2017-04-28 16:45:55,887 -[Client.Client.execute] [INFO] -REVEIVED: 46 
2017-04-28 16:45:55,887 -[Client.Client.execute] [INFO] -REVEIVED: 46 
2017-04-28 16:45:55,889 -[Client.Client.execute] [INFO] -REVEIVED: 46 
2017-04-28 16:45:55,891 -[Client.Client.execute] [INFO] -REVEIVED: 46 
2017-04-28 16:45:55,892 -[Client.Client.execute] [INFO] -REVEIVED: 46 
2017-04-28 16:46:35,908 -[Client.Client.execute] [INFO] -SENT: 35 
2017-04-28 16:46:35,918 -[Client.Client.execute] [INFO] -REVEIVED: 45 
2017-04-28 16:46:48,700 -[Client.Client.execute] [INFO] -SENT: 36 
2017-04-28 16:46:48,729 -[Client.Client.execute] [INFO] -REVEIVED: 46 
2017-04-28 16:46:48,730 -[Client.Client.execute] [INFO] -REVEIVED: 46 
2017-04-28 16:46:48,730 -[Client.Client.execute] [INFO] -REVEIVED: 46 
2017-04-28 16:46:48,730 -[Client.Client.execute] [INFO] -REVEIVED: 46 
2017-04-28 16:46:48,731 -[Client.Client.execute] [INFO] -REVEIVED: 46 
2017-04-28 16:46:48,733 -[Client.Client.execute] [INFO] -REVEIVED: 46 
2017-04-28 16:46:48,734 -[Client.Client.execute] [INFO] -REVEIVED: 46 
2017-04-28 16:46:48,734 -[Client.Client.execute] [INFO] -REVEIVED: 46 
2017-04-28 16:46:48,734 -[Client.Client.execute] [INFO] -REVEIVED: 46 
2017-04-28 16:46:48,734 -[Client.Client.execute] [INFO] -REVEIVED: 46 
2017-04-28 16:46:48,734 -[Client.Client.execute] [INFO] -REVEIVED: 46 
2017-04-28 16:46:48,735 -[Client.Client.execute] [INFO] -REVEIVED: 46 
2017-04-28 16:46:48,735 -[Client.Client.execute] [INFO] -REVEIVED: 46 
2017-04-28 16:46:48,735 -[Client.Client.execute] [INFO] -REVEIVED: 46 
2017-04-28 16:46:48,735 -[Client.Client.execute] [INFO] -REVEIVED: 46 
2017-04-28 16:46:48,737 -[Client.Client.execute] [INFO] -REVEIVED: 46 
2017-04-28 16:46:48,738 -[Client.Client.execute] [INFO] -REVEIVED: 46 
2017-04-28 16:46:48,738 -[Client.Client.execute] [INFO] -REVEIVED: 46 
2017-04-28 16:47:08,809 -[Client.Client.execute] [INFO] -SENT: 34 
2017-04-28 16:47:08,855 -[Client.Client.execute] [INFO] -REVEIVED: 44 
2017-04-28 16:47:20,328 -[Client.Client.execute] [INFO] -SENT: 36 
2017-04-28 16:47:20,356 -[Client.Client.execute] [INFO] -REVEIVED: 46 
2017-04-28 16:47:20,367 -[Client.Client.execute] [INFO] -REVEIVED: 46 
2017-04-28 16:47:20,367 -[Client.Client.execute] [INFO] -REVEIVED: 46 
2017-04-28 16:47:20,368 -[Client.Client.execute] [INFO] -REVEIVED: 46 
2017-04-28 16:47:20,368 -[Client.Client.execute] [INFO] -REVEIVED: 46 
2017-04-28 16:47:20,371 -[Client.Client.execute] [INFO] -REVEIVED: 46 
2017-04-28 16:47:20,372 -[Client.Client.execute] [INFO] -REVEIVED: 46 
2017-04-28 16:47:20,372 -[Client.Client.execute] [INFO] -REVEIVED: 46 
2017-04-28 16:47:20,373 -[Client.Client.execute] [INFO] -REVEIVED: 46 
2017-04-28 16:47:20,373 -[Client.Client.execute] [INFO] -REVEIVED: 46 
2017-04-28 16:47:20,373 -[Client.Client.execute] [INFO] -REVEIVED: 46 
2017-04-28 16:47:20,375 -[Client.Client.execute] [INFO] -REVEIVED: 46 
2017-04-28 16:47:20,375 -[Client.Client.execute] [INFO] -REVEIVED: 46 
2017-04-28 16:47:20,375 -[Client.Client.execute] [INFO] -REVEIVED: 46 
2017-04-28 16:47:20,376 -[Client.Client.execute] [INFO] -REVEIVED: 46 
2017-04-28 16:47:20,378 -[Client.Client.execute] [INFO] -REVEIVED: 46 
2017-04-28 16:47:20,378 -[Client.Client.execute] [INFO] -REVEIVED: 46 
